<?xml version="1.0" encoding="UTF-8"?>
<!-- Generated by org.testng.reporters.JUnitReportReporter -->
<testsuite hostname="LAPTOP-RCGHB8E5" failures="0" tests="1" name="testLayer.BuyProductTest" time="8.428" errors="0" timestamp="2022-11-09T15:27:42 IST" skipped="0">
  <testcase classname="testLayer.BuyProductTest" name="test" time="8.428"/>
  <system-out/>
</testsuite> <!-- testLayer.BuyProductTest -->
