<?xml version="1.0" encoding="UTF-8"?>
<!-- Generated by org.testng.reporters.JUnitReportReporter -->
<testsuite hostname="LAPTOP-RCGHB8E5" failures="0" tests="1" name="testLayer.BuyProductTest" time="7.582" errors="0" timestamp="2022-11-11T23:54:02 IST" skipped="0">
  <testcase classname="testLayer.BuyProductTest" name="test" time="7.582"/>
  <system-out/>
</testsuite> <!-- testLayer.BuyProductTest -->
